{"/home/obj583/Desktop/DEVELOPMENT/to-do-list/src/modules/add.js": {"path":"/home/obj583/Desktop/DEVELOPMENT/to-do-list/src/modules/add.js","all":false,"statementMap":{"0":{"start":{"line":1,"column":0},"end":{"line":1,"column":50}},"1":{"start":{"line":2,"column":0},"end":{"line":2,"column":0}},"2":{"start":{"line":3,"column":0},"end":{"line":3,"column":31}},"3":{"start":{"line":4,"column":0},"end":{"line":4,"column":27}},"4":{"start":{"line":5,"column":0},"end":{"line":5,"column":16}},"5":{"start":{"line":6,"column":0},"end":{"line":6,"column":16}},"6":{"start":{"line":7,"column":0},"end":{"line":7,"column":21}},"7":{"start":{"line":8,"column":0},"end":{"line":8,"column":28}},"8":{"start":{"line":9,"column":0},"end":{"line":9,"column":4}},"9":{"start":{"line":10,"column":0},"end":{"line":10,"column":19}},"10":{"start":{"line":11,"column":0},"end":{"line":11,"column":18}},"11":{"start":{"line":12,"column":0},"end":{"line":12,"column":1}},"12":{"start":{"line":13,"column":0},"end":{"line":13,"column":0}},"13":{"start":{"line":14,"column":0},"end":{"line":14,"column":23}}},"s":{"0":1,"1":1,"2":4,"3":4,"4":4,"5":4,"6":4,"7":4,"8":4,"9":4,"10":4,"11":4,"12":1,"13":1},"branchMap":{"0":{"type":"branch","line":3,"loc":{"start":{"line":3,"column":0},"end":{"line":12,"column":1}},"locations":[{"start":{"line":3,"column":0},"end":{"line":12,"column":1}}]}},"b":{"0":[4]},"fnMap":{"0":{"name":"addTask","decl":{"start":{"line":3,"column":0},"end":{"line":12,"column":1}},"loc":{"start":{"line":3,"column":0},"end":{"line":12,"column":1}},"line":3}},"f":{"0":4}}
,"/home/obj583/Desktop/DEVELOPMENT/to-do-list/src/modules/clearChecked.js": {"path":"/home/obj583/Desktop/DEVELOPMENT/to-do-list/src/modules/clearChecked.js","all":false,"statementMap":{"0":{"start":{"line":1,"column":0},"end":{"line":1,"column":50}},"1":{"start":{"line":2,"column":0},"end":{"line":2,"column":0}},"2":{"start":{"line":3,"column":0},"end":{"line":3,"column":35}},"3":{"start":{"line":4,"column":0},"end":{"line":4,"column":61}},"4":{"start":{"line":5,"column":0},"end":{"line":5,"column":34}},"5":{"start":{"line":6,"column":0},"end":{"line":6,"column":27}},"6":{"start":{"line":7,"column":0},"end":{"line":7,"column":5}},"7":{"start":{"line":8,"column":0},"end":{"line":8,"column":18}},"8":{"start":{"line":9,"column":0},"end":{"line":9,"column":2}},"9":{"start":{"line":10,"column":0},"end":{"line":10,"column":0}},"10":{"start":{"line":11,"column":0},"end":{"line":11,"column":35}}},"s":{"0":1,"1":1,"2":1,"3":1,"4":1,"5":1,"6":1,"7":1,"8":1,"9":1,"10":1},"branchMap":{"0":{"type":"branch","line":3,"loc":{"start":{"line":3,"column":28},"end":{"line":9,"column":2}},"locations":[{"start":{"line":3,"column":28},"end":{"line":9,"column":2}}]},"1":{"type":"branch","line":4,"loc":{"start":{"line":4,"column":35},"end":{"line":4,"column":59}},"locations":[{"start":{"line":4,"column":35},"end":{"line":4,"column":59}}]},"2":{"type":"branch","line":5,"loc":{"start":{"line":5,"column":16},"end":{"line":7,"column":3}},"locations":[{"start":{"line":5,"column":16},"end":{"line":7,"column":3}}]}},"b":{"0":[1],"1":[2],"2":[1]},"fnMap":{"0":{"name":"clearCompletedTasks","decl":{"start":{"line":3,"column":28},"end":{"line":9,"column":2}},"loc":{"start":{"line":3,"column":28},"end":{"line":9,"column":2}},"line":3}},"f":{"0":1}}
,"/home/obj583/Desktop/DEVELOPMENT/to-do-list/src/modules/remove.js": {"path":"/home/obj583/Desktop/DEVELOPMENT/to-do-list/src/modules/remove.js","all":false,"statementMap":{"0":{"start":{"line":1,"column":0},"end":{"line":1,"column":50}},"1":{"start":{"line":2,"column":0},"end":{"line":2,"column":0}},"2":{"start":{"line":3,"column":0},"end":{"line":3,"column":31}},"3":{"start":{"line":4,"column":0},"end":{"line":4,"column":57}},"4":{"start":{"line":5,"column":0},"end":{"line":5,"column":34}},"5":{"start":{"line":6,"column":0},"end":{"line":6,"column":27}},"6":{"start":{"line":7,"column":0},"end":{"line":7,"column":5}},"7":{"start":{"line":8,"column":0},"end":{"line":8,"column":18}},"8":{"start":{"line":9,"column":0},"end":{"line":9,"column":2}},"9":{"start":{"line":10,"column":0},"end":{"line":10,"column":0}},"10":{"start":{"line":11,"column":0},"end":{"line":11,"column":26}}},"s":{"0":1,"1":1,"2":1,"3":2,"4":2,"5":2,"6":2,"7":2,"8":2,"9":1,"10":1},"branchMap":{"0":{"type":"branch","line":3,"loc":{"start":{"line":3,"column":20},"end":{"line":9,"column":2}},"locations":[{"start":{"line":3,"column":20},"end":{"line":9,"column":2}}]},"1":{"type":"branch","line":4,"loc":{"start":{"line":4,"column":34},"end":{"line":4,"column":55}},"locations":[{"start":{"line":4,"column":34},"end":{"line":4,"column":55}}]},"2":{"type":"branch","line":5,"loc":{"start":{"line":5,"column":16},"end":{"line":7,"column":3}},"locations":[{"start":{"line":5,"column":16},"end":{"line":7,"column":3}}]}},"b":{"0":[2],"1":[4],"2":[2]},"fnMap":{"0":{"name":"removeTask","decl":{"start":{"line":3,"column":20},"end":{"line":9,"column":2}},"loc":{"start":{"line":3,"column":20},"end":{"line":9,"column":2}},"line":3}},"f":{"0":2}}
}
