TN:
SF:src/modules/add.js
FN:3,addTask
FNF:1
FNH:1
FNDA:1,addTask
DA:1,1
DA:2,1
DA:3,1
DA:4,1
DA:5,1
DA:6,1
DA:7,1
DA:8,1
DA:9,1
DA:10,1
DA:11,1
DA:12,1
DA:13,1
DA:14,1
LF:14
LH:14
BRDA:3,0,0,1
BRF:1
BRH:1
end_of_record
TN:
SF:src/modules/remove.js
FN:3,removeTask
FNF:1
FNH:1
FNDA:1,removeTask
DA:1,1
DA:2,1
DA:3,1
DA:4,1
DA:5,1
DA:6,1
DA:7,1
DA:8,1
DA:9,1
DA:10,1
DA:11,1
LF:11
LH:11
BRDA:3,0,0,1
BRDA:4,1,0,2
BRDA:5,2,0,1
BRF:3
BRH:3
end_of_record
TN:
SF:src/modules/storage.js
FN:1,setTasks
FN:5,getTasks
FNF:2
FNH:2
FNDA:5,setTasks
FNDA:7,getTasks
DA:1,1
DA:2,5
DA:3,5
DA:4,1
DA:5,1
DA:6,7
DA:7,7
LF:7
LH:7
BRDA:1,0,0,5
BRDA:5,1,0,7
BRDA:6,2,0,0
BRF:3
BRH:2
end_of_record
