TN:
SF:src/modules/add.js
FN:3,addTask
FNF:1
FNH:1
FNDA:4,addTask
DA:1,1
DA:2,1
DA:3,4
DA:4,4
DA:5,4
DA:6,4
DA:7,4
DA:8,4
DA:9,4
DA:10,4
DA:11,4
DA:12,4
DA:13,1
DA:14,1
LF:14
LH:14
BRDA:3,0,0,4
BRF:1
BRH:1
end_of_record
TN:
SF:src/modules/clearChecked.js
FN:3,clearCompletedTasks
FNF:1
FNH:1
FNDA:1,clearCompletedTasks
DA:1,1
DA:2,1
DA:3,1
DA:4,1
DA:5,1
DA:6,1
DA:7,1
DA:8,1
DA:9,1
DA:10,1
DA:11,1
LF:11
LH:11
BRDA:3,0,0,1
BRDA:4,1,0,2
BRDA:5,2,0,1
BRF:3
BRH:3
end_of_record
TN:
SF:src/modules/remove.js
FN:3,removeTask
FNF:1
FNH:1
FNDA:2,removeTask
DA:1,1
DA:2,1
DA:3,1
DA:4,2
DA:5,2
DA:6,2
DA:7,2
DA:8,2
DA:9,2
DA:10,1
DA:11,1
LF:11
LH:11
BRDA:3,0,0,2
BRDA:4,1,0,4
BRDA:5,2,0,2
BRF:3
BRH:3
end_of_record
